2026.03.14 00:39:20 INFO  Started: Metals version 1.6.6 in folders '/Users/mogboella/School/DISTRIBUTED_SYS/observability-service' for client Visual Studio Code 1.110.1.[0m
2026.03.14 00:39:20 INFO  Memory monitor started[0m
2026.03.14 00:39:20 WARN  Using H2 2.4.240 which is newer than the version Flyway has been verified with. The latest verified version of H2 is 2.3.232.[0m
2026.03.14 00:39:20 INFO  no build target found for /Users/mogboella/School/DISTRIBUTED_SYS/observability-service/src/main/java/com/gtbs/observability/audit/api/AuditController.java. Using fallback presentation compiler.[0m
2026.03.14 00:39:20 INFO  no build target found for /Users/mogboella/School/DISTRIBUTED_SYS/observability-service/src/main/java/com/gtbs/observability/audit/api/AuditController.java. Using fallback presentation compiler.[0m
2026.03.14 00:39:29 WARN  no build target for: /Users/mogboella/School/DISTRIBUTED_SYS/observability-service/src/main/java/com/gtbs/observability/audit/api/AuditController.java[0m
2026.03.14 00:39:41 INFO  no build target found for /Users/mogboella/School/DISTRIBUTED_SYS/observability-service/src/main/java/com/gtbs/observability/audit/api/AuditController.java. Using fallback presentation compiler.[0m
2026.03.14 00:39:43 INFO  no build target found for /Users/mogboella/School/DISTRIBUTED_SYS/observability-service/src/main/java/com/gtbs/observability/audit/api/AuditRecordResponse.java. Using fallback presentation compiler.[0m
2026.03.14 00:39:43 WARN  no build target for: /Users/mogboella/School/DISTRIBUTED_SYS/observability-service/src/main/java/com/gtbs/observability/audit/api/AuditRecordResponse.java[0m
Mar 14, 2026 12:39:43 AM org.eclipse.lsp4j.jsonrpc.RemoteEndpoint handleCancellation
WARNING: Unmatched cancel notification for request id 14
2026.03.14 00:39:43 INFO  no build target found for /Users/mogboella/School/DISTRIBUTED_SYS/observability-service/src/main/java/com/gtbs/observability/audit/api/AuditRecordResponse.java. Using fallback presentation compiler.[0m
2026.03.14 00:39:43 INFO  no build target found for /Users/mogboella/School/DISTRIBUTED_SYS/observability-service/src/main/java/com/gtbs/observability/audit/api/AuditRecordResponse.java. Using fallback presentation compiler.[0m
2026.03.14 00:39:47 INFO  no build target found for /Users/mogboella/School/DISTRIBUTED_SYS/observability-service/src/main/java/com/gtbs/observability/audit/api/AuditRecordResponse.java. Using fallback presentation compiler.[0m
2026.03.14 00:39:49 WARN  no build target for: /Users/mogboella/School/DISTRIBUTED_SYS/observability-service/src/main/java/com/gtbs/observability/audit/domain/AuditEventType.java[0m
2026.03.14 00:39:49 INFO  no build target found for /Users/mogboella/School/DISTRIBUTED_SYS/observability-service/src/main/java/com/gtbs/observability/audit/domain/AuditEventType.java. Using fallback presentation compiler.[0m
2026.03.14 00:39:49 INFO  no build target found for /Users/mogboella/School/DISTRIBUTED_SYS/observability-service/src/main/java/com/gtbs/observability/audit/domain/AuditEventType.java. Using fallback presentation compiler.[0m
2026.03.14 00:39:49 INFO  no build target found for /Users/mogboella/School/DISTRIBUTED_SYS/observability-service/src/main/java/com/gtbs/observability/audit/domain/AuditEventType.java. Using fallback presentation compiler.[0m
2026.03.14 00:39:51 INFO  no build target found for /Users/mogboella/School/DISTRIBUTED_SYS/observability-service/src/main/java/com/gtbs/observability/audit/domain/AuditEventType.java. Using fallback presentation compiler.[0m
2026.03.14 00:39:51 INFO  no build target found for /Users/mogboella/School/DISTRIBUTED_SYS/observability-service/src/main/java/com/gtbs/observability/audit/domain/AuditEventType.java. Using fallback presentation compiler.[0m
2026.03.14 00:39:53 WARN  no build target for: /Users/mogboella/School/DISTRIBUTED_SYS/observability-service/src/main/java/com/gtbs/observability/audit/domain/AuditRecord.java[0m
2026.03.14 00:39:53 INFO  no build target found for /Users/mogboella/School/DISTRIBUTED_SYS/observability-service/src/main/java/com/gtbs/observability/audit/domain/AuditRecord.java. Using fallback presentation compiler.[0m
2026.03.14 00:39:53 INFO  no build target found for /Users/mogboella/School/DISTRIBUTED_SYS/observability-service/src/main/java/com/gtbs/observability/audit/domain/AuditRecord.java. Using fallback presentation compiler.[0m
2026.03.14 00:39:53 INFO  no build target found for /Users/mogboella/School/DISTRIBUTED_SYS/observability-service/src/main/java/com/gtbs/observability/audit/domain/AuditRecord.java. Using fallback presentation compiler.[0m
2026.03.14 00:40:05 WARN  no build target for: /Users/mogboella/School/DISTRIBUTED_SYS/observability-service/src/main/java/com/gtbs/observability/audit/repository/AuditRecordRepository.java[0m
2026.03.14 00:40:05 INFO  no build target found for /Users/mogboella/School/DISTRIBUTED_SYS/observability-service/src/main/java/com/gtbs/observability/audit/repository/AuditRecordRepository.java. Using fallback presentation compiler.[0m
2026.03.14 00:40:05 INFO  no build target found for /Users/mogboella/School/DISTRIBUTED_SYS/observability-service/src/main/java/com/gtbs/observability/audit/repository/AuditRecordRepository.java. Using fallback presentation compiler.[0m
2026.03.14 00:40:07 INFO  no build target found for /Users/mogboella/School/DISTRIBUTED_SYS/observability-service/src/main/java/com/gtbs/observability/audit/service/AuditLogService.java. Using fallback presentation compiler.[0m
2026.03.14 00:40:07 WARN  no build target for: /Users/mogboella/School/DISTRIBUTED_SYS/observability-service/src/main/java/com/gtbs/observability/audit/service/AuditLogService.java[0m
2026.03.14 00:40:07 INFO  no build target found for /Users/mogboella/School/DISTRIBUTED_SYS/observability-service/src/main/java/com/gtbs/observability/audit/service/AuditLogService.java. Using fallback presentation compiler.[0m
2026.03.14 00:40:07 INFO  no build target found for /Users/mogboella/School/DISTRIBUTED_SYS/observability-service/src/main/java/com/gtbs/observability/audit/service/AuditLogService.java. Using fallback presentation compiler.[0m
2026.03.14 00:40:14 WARN  no build target for: /Users/mogboella/School/DISTRIBUTED_SYS/observability-service/src/main/java/com/gtbs/observability/ingest/AuditEventConsumers.java[0m
2026.03.14 00:40:14 INFO  no build target found for /Users/mogboella/School/DISTRIBUTED_SYS/observability-service/src/main/java/com/gtbs/observability/ingest/AuditEventConsumers.java. Using fallback presentation compiler.[0m
Mar 14, 2026 12:40:14 AM org.eclipse.lsp4j.jsonrpc.RemoteEndpoint handleCancellation
WARNING: Unmatched cancel notification for request id 76
2026.03.14 00:40:14 INFO  no build target found for /Users/mogboella/School/DISTRIBUTED_SYS/observability-service/src/main/java/com/gtbs/observability/ingest/AuditEventConsumers.java. Using fallback presentation compiler.[0m
2026.03.14 00:40:15 WARN  no build target for: /Users/mogboella/School/DISTRIBUTED_SYS/observability-service/src/main/java/com/gtbs/observability/ingest/BookingLifecycleEvent.java[0m
2026.03.14 00:40:14 INFO  no build target found for /Users/mogboella/School/DISTRIBUTED_SYS/observability-service/src/main/java/com/gtbs/observability/ingest/BookingLifecycleEvent.java. Using fallback presentation compiler.[0m
2026.03.14 00:40:14 INFO  no build target found for /Users/mogboella/School/DISTRIBUTED_SYS/observability-service/src/main/java/com/gtbs/observability/ingest/BookingLifecycleEvent.java. Using fallback presentation compiler.[0m
2026.03.14 00:40:16 WARN  no build target for: /Users/mogboella/School/DISTRIBUTED_SYS/observability-service/src/main/java/com/gtbs/observability/ingest/PolicyChangeEvent.java[0m
2026.03.14 00:40:16 INFO  no build target found for /Users/mogboella/School/DISTRIBUTED_SYS/observability-service/src/main/java/com/gtbs/observability/ingest/PolicyChangeEvent.java. Using fallback presentation compiler.[0m
2026.03.14 00:40:16 INFO  no build target found for /Users/mogboella/School/DISTRIBUTED_SYS/observability-service/src/main/java/com/gtbs/observability/ingest/PolicyChangeEvent.java. Using fallback presentation compiler.[0m
2026.03.14 00:40:16 INFO  no build target found for /Users/mogboella/School/DISTRIBUTED_SYS/observability-service/src/main/java/com/gtbs/observability/ObservabilityServiceApplication.java. Using fallback presentation compiler.[0m
2026.03.14 00:40:16 WARN  no build target for: /Users/mogboella/School/DISTRIBUTED_SYS/observability-service/src/main/java/com/gtbs/observability/ObservabilityServiceApplication.java[0m
2026.03.14 00:40:16 INFO  no build target found for /Users/mogboella/School/DISTRIBUTED_SYS/observability-service/src/main/java/com/gtbs/observability/ObservabilityServiceApplication.java. Using fallback presentation compiler.[0m
Mar 14, 2026 12:40:38 AM org.eclipse.lsp4j.jsonrpc.services.GenericEndpoint notify
INFO: Unsupported notification method: $/setTrace
2026.03.14 01:54:39 INFO  no build target found for /Users/mogboella/School/DISTRIBUTED_SYS/observability-service/src/main/java/com/gtbs/observability/audit/api/AuditController.java. Using fallback presentation compiler.[0m
2026.03.14 01:55:04 INFO  no build target found for /Users/mogboella/School/DISTRIBUTED_SYS/observability-service/src/main/java/com/gtbs/observability/audit/api/AuditRecordResponse.java. Using fallback presentation compiler.[0m
2026.03.14 02:11:28 INFO  no build target found for /Users/mogboella/School/DISTRIBUTED_SYS/observability-service/src/main/java/com/gtbs/observability/audit/domain/AuditEventType.java. Using fallback presentation compiler.[0m
2026.03.14 02:11:32 INFO  no build target found for /Users/mogboella/School/DISTRIBUTED_SYS/observability-service/src/main/java/com/gtbs/observability/audit/domain/AuditRecord.java. Using fallback presentation compiler.[0m
2026.03.14 02:41:51 INFO  no build target found for /Users/mogboella/School/DISTRIBUTED_SYS/observability-service/src/main/java/com/gtbs/observability/audit/repository/AuditRecordRepository.java. Using fallback presentation compiler.[0m
2026.03.14 02:41:53 INFO  no build target found for /Users/mogboella/School/DISTRIBUTED_SYS/observability-service/src/main/java/com/gtbs/observability/audit/service/AuditLogService.java. Using fallback presentation compiler.[0m
2026.03.14 02:42:00 INFO  no build target found for /Users/mogboella/School/DISTRIBUTED_SYS/observability-service/src/main/java/com/gtbs/observability/ingest/AuditEventConsumers.java. Using fallback presentation compiler.[0m
2026.03.14 02:42:00 INFO  no build target found for /Users/mogboella/School/DISTRIBUTED_SYS/observability-service/src/main/java/com/gtbs/observability/ingest/BookingLifecycleEvent.java. Using fallback presentation compiler.[0m
2026.03.14 02:42:02 INFO  no build target found for /Users/mogboella/School/DISTRIBUTED_SYS/observability-service/src/main/java/com/gtbs/observability/ingest/PolicyChangeEvent.java. Using fallback presentation compiler.[0m
2026.03.14 02:42:02 INFO  no build target found for /Users/mogboella/School/DISTRIBUTED_SYS/observability-service/src/main/java/com/gtbs/observability/ObservabilityServiceApplication.java. Using fallback presentation compiler.[0m
